c:\users\denjo\documents\visual studio 2013\projects\study1\study1\debug\vc120.pdb
c:\users\denjo\documents\visual studio 2013\projects\study1\study1\debug\source.obj
c:\users\denjo\documents\visual studio 2013\projects\study1\study1\debug\song.obj
c:\users\denjo\documents\visual studio 2013\projects\study1\study1\debug\myform.obj
c:\users\denjo\documents\visual studio 2013\projects\study1\study1\debug\bar.obj
c:\users\denjo\documents\visual studio 2013\projects\study1\study1\debug\.netframework,version=v4.5.assemblyattributes.obj
c:\users\denjo\documents\visual studio 2013\projects\study1\study1\debug\study1.myform.resources
c:\users\denjo\documents\visual studio 2013\projects\study1\study1\debug\study1.vcxproj.generateresource.cache
c:\users\denjo\documents\visual studio 2013\projects\study1\debug\detecthonmono.pdb
c:\users\denjo\documents\visual studio 2013\projects\study1\study1\debug\detecthonmono.tlog\cl.command.1.tlog
c:\users\denjo\documents\visual studio 2013\projects\study1\study1\debug\detecthonmono.tlog\cl.read.1.tlog
c:\users\denjo\documents\visual studio 2013\projects\study1\study1\debug\detecthonmono.tlog\cl.write.1.tlog
c:\users\denjo\documents\visual studio 2013\projects\study1\study1\debug\detecthonmono.tlog\detecthonmono.write.1u.tlog
c:\users\denjo\documents\visual studio 2013\projects\study1\study1\debug\detecthonmono.tlog\link.19400-cvtres.read.1.tlog
c:\users\denjo\documents\visual studio 2013\projects\study1\study1\debug\detecthonmono.tlog\link.19400-cvtres.write.1.tlog
c:\users\denjo\documents\visual studio 2013\projects\study1\study1\debug\detecthonmono.tlog\link.19400-rc.read.1.tlog
c:\users\denjo\documents\visual studio 2013\projects\study1\study1\debug\detecthonmono.tlog\link.19400-rc.write.1.tlog
c:\users\denjo\documents\visual studio 2013\projects\study1\study1\debug\detecthonmono.tlog\link.19400.read.1.tlog
c:\users\denjo\documents\visual studio 2013\projects\study1\study1\debug\detecthonmono.tlog\link.19400.write.1.tlog
c:\users\denjo\documents\visual studio 2013\projects\study1\study1\debug\detecthonmono.tlog\link.command.1.tlog
c:\users\denjo\documents\visual studio 2013\projects\study1\study1\debug\detecthonmono.tlog\link.read.1.tlog
c:\users\denjo\documents\visual studio 2013\projects\study1\study1\debug\detecthonmono.tlog\link.write.1.tlog
c:\users\denjo\documents\visual studio 2013\projects\study1\study1\debug\detecthonmono.tlog\metagen.read.1.tlog
c:\users\denjo\documents\visual studio 2013\projects\study1\study1\debug\detecthonmono.tlog\metagen.write.1.tlog
c:\users\denjo\documents\visual studio 2013\projects\study1\study1\debug\detecthonmono.tlog\rsaenh.dll.bi
c:\users\denjo\documents\visual studio 2013\projects\study1\study1\debug\detecthonmono.tlog\tzres.dll.bi
