c:\users\denjo\documents\visual studio 2013\projects\study1\study1\release\vc120.pdb
c:\users\denjo\documents\visual studio 2013\projects\study1\study1\release\source.obj
c:\users\denjo\documents\visual studio 2013\projects\study1\study1\release\song.obj
c:\users\denjo\documents\visual studio 2013\projects\study1\study1\release\myform.obj
c:\users\denjo\documents\visual studio 2013\projects\study1\study1\release\bar.obj
c:\users\denjo\documents\visual studio 2013\projects\study1\study1\release\.netframework,version=v4.5.assemblyattributes.obj
c:\users\denjo\documents\visual studio 2013\projects\study1\study1\release\study1.myform.resources
c:\users\denjo\documents\visual studio 2013\projects\study1\release\detecthonmono.exe
c:\users\denjo\documents\visual studio 2013\projects\study1\release\detecthonmono.pdb
c:\users\denjo\documents\visual studio 2013\projects\study1\study1\release\study1.vcxproj.generateresource.cache
c:\users\denjo\documents\visual studio 2013\projects\study1\study1\release\study1.vcxprojresolveassemblyreference.cache
c:\users\denjo\documents\visual studio 2013\projects\study1\study1\release\detecthonmono.tlog\cl.command.1.tlog
c:\users\denjo\documents\visual studio 2013\projects\study1\study1\release\detecthonmono.tlog\cl.read.1.tlog
c:\users\denjo\documents\visual studio 2013\projects\study1\study1\release\detecthonmono.tlog\cl.write.1.tlog
c:\users\denjo\documents\visual studio 2013\projects\study1\study1\release\detecthonmono.tlog\detecthonmono.write.1u.tlog
c:\users\denjo\documents\visual studio 2013\projects\study1\study1\release\detecthonmono.tlog\link.command.1.tlog
c:\users\denjo\documents\visual studio 2013\projects\study1\study1\release\detecthonmono.tlog\link.read.1.tlog
c:\users\denjo\documents\visual studio 2013\projects\study1\study1\release\detecthonmono.tlog\link.write.1.tlog
c:\users\denjo\documents\visual studio 2013\projects\study1\study1\release\detecthonmono.tlog\metagen.read.1.tlog
c:\users\denjo\documents\visual studio 2013\projects\study1\study1\release\detecthonmono.tlog\metagen.write.1.tlog
c:\users\denjo\documents\visual studio 2013\projects\study1\study1\release\detecthonmono.tlog\rsaenh.dll.bi
c:\users\denjo\documents\visual studio 2013\projects\study1\study1\release\detecthonmono.tlog\tzres.dll.bi
